<?xml version="1.0" encoding="UTF-8"?>
<!-- Generated by org.testng.reporters.JUnitReportReporter -->
<testsuite skipped="0" hostname="E3480-Djyoti" name="com.uiautomation.tests.VerifyLoginTest2" tests="2" failures="0" timestamp="05 Aug 2020 12:08:23 GMT" time="4.295" errors="0">
  <testcase name="verifyLogin2" time="4.288" classname="com.uiautomation.tests.VerifyLoginTest2"/>
  <testcase name="test2" time="0.007" classname="com.uiautomation.tests.VerifyLoginTest2"/>
</testsuite> <!-- com.uiautomation.tests.VerifyLoginTest2 -->
