<?xml version="1.0" encoding="UTF-8"?>
<!-- Generated by org.testng.reporters.JUnitReportReporter -->
<testsuite skipped="0" hostname="E3480-Djyoti" name="com.uiautomation.tests.VerifyLoginTest" tests="2" failures="0" timestamp="05 Aug 2020 12:08:23 GMT" time="4.423" errors="0">
  <testcase name="verifyLogin1" time="4.410" classname="com.uiautomation.tests.VerifyLoginTest"/>
  <testcase name="test2" time="0.013" classname="com.uiautomation.tests.VerifyLoginTest"/>
</testsuite> <!-- com.uiautomation.tests.VerifyLoginTest -->
